<?xml version="1.0" encoding="UTF-8"?>
<testsuite name="Run on Firefox"
           tests="3"
           failures="1"
           errors="0"
           skipped="2"
           time="0.002">
  <properties />
            <testcase name="beforeClass" time="0.000" classname="com.sortdata.demoSortData">
                <failure type="io.github.bonigarcia.wdm.config.WebDriverManagerException"
                  message="java.net.UnknownHostException: api.github.com"
              >
<![CDATA[io.github.bonigarcia.wdm.config.WebDriverManagerException: java.net.UnknownHostException: api.github.com
  io.github.bonigarcia.wdm.WebDriverManager.handleException(WebDriverManager.java:747)
  io.github.bonigarcia.wdm.WebDriverManager.manage(WebDriverManager.java:541)
  io.github.bonigarcia.wdm.WebDriverManager.handleException(WebDriverManager.java:744)
  io.github.bonigarcia.wdm.WebDriverManager.manage(WebDriverManager.java:541)
  io.github.bonigarcia.wdm.WebDriverManager.setup(WebDriverManager.java:277)
  commons.AbstractTest.getBrowserDriver(AbstractTest.java:27)
  com.sortdata.demoSortData.beforeClass(demoSortData.java:19)
  sun.reflect.NativeMethodAccessorImpl.invoke0(Native Method)
  sun.reflect.NativeMethodAccessorImpl.invoke(Unknown Source)
  sun.reflect.DelegatingMethodAccessorImpl.invoke(Unknown Source)
  java.lang.reflect.Method.invoke(Unknown Source)
  org.testng.internal.MethodInvocationHelper.invokeMethod(MethodInvocationHelper.java:85)
  org.testng.internal.Invoker.invokeConfigurationMethod(Invoker.java:510)
  org.testng.internal.Invoker.invokeConfigurations(Invoker.java:211)
  org.testng.internal.Invoker.invokeConfigurations(Invoker.java:138)
  org.testng.internal.TestMethodWorker.invokeBeforeClassMethods(TestMethodWorker.java:170)
  org.testng.internal.TestMethodWorker.run(TestMethodWorker.java:104)
  org.testng.TestRunner.privateRun(TestRunner.java:774)
  org.testng.TestRunner.run(TestRunner.java:624)
  org.testng.SuiteRunner.runTest(SuiteRunner.java:359)
  org.testng.SuiteRunner.runSequentially(SuiteRunner.java:354)
  org.testng.SuiteRunner.privateRun(SuiteRunner.java:312)
  org.testng.SuiteRunner.run(SuiteRunner.java:261)
  org.testng.SuiteRunnerWorker.runSuite(SuiteRunnerWorker.java:52)
  org.testng.SuiteRunnerWorker.run(SuiteRunnerWorker.java:86)
  org.testng.TestNG.runSuitesSequentially(TestNG.java:1215)
  org.testng.TestNG.runSuitesLocally(TestNG.java:1140)
  org.testng.TestNG.run(TestNG.java:1048)
  org.testng.remote.AbstractRemoteTestNG.run(AbstractRemoteTestNG.java:115)
  org.testng.remote.RemoteTestNG.initAndRun(RemoteTestNG.java:251)
  org.testng.remote.RemoteTestNG.main(RemoteTestNG.java:77)
Caused by: java.net.UnknownHostException: api.github.com
  java.net.InetAddress.getAllByName0(Unknown Source)
  java.net.InetAddress.getAllByName(Unknown Source)
  java.net.InetAddress.getAllByName(Unknown Source)
  org.apache.hc.client5.http.SystemDefaultDnsResolver.resolve(SystemDefaultDnsResolver.java:43)
  org.apache.hc.client5.http.impl.io.DefaultHttpClientConnectionOperator.connect(DefaultHttpClientConnectionOperator.java:118)
  org.apache.hc.client5.http.impl.io.PoolingHttpClientConnectionManager.connect(PoolingHttpClientConnectionManager.java:413)
  org.apache.hc.client5.http.impl.classic.InternalExecRuntime.connectEndpoint(InternalExecRuntime.java:164)
  org.apache.hc.client5.http.impl.classic.InternalExecRuntime.connectEndpoint(InternalExecRuntime.java:174)
  org.apache.hc.client5.http.impl.classic.ConnectExec.execute(ConnectExec.java:135)
  org.apache.hc.client5.http.impl.classic.ExecChainElement.execute(ExecChainElement.java:51)
  org.apache.hc.client5.http.impl.classic.ExecChainElement$1.proceed(ExecChainElement.java:57)
  org.apache.hc.client5.http.impl.classic.ProtocolExec.execute(ProtocolExec.java:169)
  org.apache.hc.client5.http.impl.classic.ExecChainElement.execute(ExecChainElement.java:51)
  org.apache.hc.client5.http.impl.classic.ExecChainElement$1.proceed(ExecChainElement.java:57)
  org.apache.hc.client5.http.impl.classic.HttpRequestRetryExec.execute(HttpRequestRetryExec.java:93)
  org.apache.hc.client5.http.impl.classic.ExecChainElement.execute(ExecChainElement.java:51)
  org.apache.hc.client5.http.impl.classic.ExecChainElement$1.proceed(ExecChainElement.java:57)
  org.apache.hc.client5.http.impl.classic.ContentCompressionExec.execute(ContentCompressionExec.java:128)
  org.apache.hc.client5.http.impl.classic.ExecChainElement.execute(ExecChainElement.java:51)
  org.apache.hc.client5.http.impl.classic.ExecChainElement$1.proceed(ExecChainElement.java:57)
  org.apache.hc.client5.http.impl.classic.RedirectExec.execute(RedirectExec.java:116)
  org.apache.hc.client5.http.impl.classic.ExecChainElement.execute(ExecChainElement.java:51)
  org.apache.hc.client5.http.impl.classic.InternalHttpClient.doExecute(InternalHttpClient.java:178)
  org.apache.hc.client5.http.impl.classic.CloseableHttpClient.execute(CloseableHttpClient.java:75)
  org.apache.hc.client5.http.impl.classic.CloseableHttpClient.execute(CloseableHttpClient.java:89)
  io.github.bonigarcia.wdm.online.HttpClient.execute(HttpClient.java:138)
  io.github.bonigarcia.wdm.WebDriverManager.openGitHubConnection(WebDriverManager.java:908)
  io.github.bonigarcia.wdm.WebDriverManager.getDriversFromGitHub(WebDriverManager.java:922)
  io.github.bonigarcia.wdm.managers.FirefoxDriverManager.getDriverUrls(FirefoxDriverManager.java:90)
  io.github.bonigarcia.wdm.WebDriverManager.createUrlHandler(WebDriverManager.java:753)
  io.github.bonigarcia.wdm.WebDriverManager.download(WebDriverManager.java:602)
  io.github.bonigarcia.wdm.WebDriverManager.manage(WebDriverManager.java:535)
  io.github.bonigarcia.wdm.WebDriverManager.handleException(WebDriverManager.java:744)
  io.github.bonigarcia.wdm.WebDriverManager.manage(WebDriverManager.java:541)
  io.github.bonigarcia.wdm.WebDriverManager.setup(WebDriverManager.java:277)
  commons.AbstractTest.getBrowserDriver(AbstractTest.java:27)
  com.sortdata.demoSortData.beforeClass(demoSortData.java:19)
  sun.reflect.NativeMethodAccessorImpl.invoke0(Native Method)
  sun.reflect.NativeMethodAccessorImpl.invoke(Unknown Source)
  sun.reflect.DelegatingMethodAccessorImpl.invoke(Unknown Source)
  java.lang.reflect.Method.invoke(Unknown Source)
  org.testng.internal.MethodInvocationHelper.invokeMethod(MethodInvocationHelper.java:85)
  org.testng.internal.Invoker.invokeConfigurationMethod(Invoker.java:510)
  org.testng.internal.Invoker.invokeConfigurations(Invoker.java:211)
  org.testng.internal.Invoker.invokeConfigurations(Invoker.java:138)
  org.testng.internal.TestMethodWorker.invokeBeforeClassMethods(TestMethodWorker.java:170)
  org.testng.internal.TestMethodWorker.run(TestMethodWorker.java:104)
  org.testng.TestRunner.privateRun(TestRunner.java:774)
  org.testng.TestRunner.run(TestRunner.java:624)
  org.testng.SuiteRunner.runTest(SuiteRunner.java:359)
  org.testng.SuiteRunner.runSequentially(SuiteRunner.java:354)
  org.testng.SuiteRunner.privateRun(SuiteRunner.java:312)
  org.testng.SuiteRunner.run(SuiteRunner.java:261)
  org.testng.SuiteRunnerWorker.runSuite(SuiteRunnerWorker.java:52)
  org.testng.SuiteRunnerWorker.run(SuiteRunnerWorker.java:86)
  org.testng.TestNG.runSuitesSequentially(TestNG.java:1215)
  org.testng.TestNG.runSuitesLocally(TestNG.java:1140)
  org.testng.TestNG.run(TestNG.java:1048)
  org.testng.remote.AbstractRemoteTestNG.run(AbstractRemoteTestNG.java:115)
  org.testng.remote.RemoteTestNG.initAndRun(RemoteTestNG.java:251)
  org.testng.remote.RemoteTestNG.main(RemoteTestNG.java:77)
]]>
      </failure>

          </testcase>
  
            <testcase name="afterClass" time="0.0" classname="com.sortdata.demoSortData">
          <skipped />
    </testcase>
            <testcase name="Test_01_Sort_Ascending_String" time="0.0" classname="com.sortdata.demoSortData">
          <skipped />
    </testcase>
  
  
</testsuite>
