<?xml version="1.0" encoding="UTF-8"?>
<!-- Generated by org.testng.reporters.JUnitXMLReporter -->
<testsuite hostname="Changkopuchi" name="Run on Chrome" tests="3" failures="0" timestamp="9 Sep 2020 01:35:31 GMT" time="64.471" errors="0">
  <testcase name="Post_01_Create_New_Post_At_Admin" time="26.552" classname="com.wordpress.posts.Admin_01_Create_View_Edit_Delete"/>
  <testcase name="Post_02_Edit_Post_At_Admin" time="18.279" classname="com.wordpress.posts.Admin_01_Create_View_Edit_Delete"/>
  <testcase name="Post_03_Delete_Post_At_Admin" time="9.548" classname="com.wordpress.posts.Admin_01_Create_View_Edit_Delete"/>
</testsuite> <!-- Run on Chrome -->
