<?xml version="1.0" encoding="UTF-8"?>
<!-- Generated by org.testng.reporters.JUnitXMLReporter -->
<testsuite hostname="Changkopuchi" name="Run on Firefox" tests="6" failures="0" timestamp="16 Aug 2020 11:06:49 GMT" time="36.312" errors="0">
  <testcase name="Validate_01_EmptyEmail" time="0.852" classname="com.wordpress.login.Login_03_Browser_Factory_Pattern"/>
  <testcase name="Validate_02_InvalidEmail" time="1.427" classname="com.wordpress.login.Login_03_Browser_Factory_Pattern"/>
  <testcase name="Validate_03_EmailNotExist" time="1.563" classname="com.wordpress.login.Login_03_Browser_Factory_Pattern"/>
  <testcase name="Validate_04_EmptyPassWord" time="2.126" classname="com.wordpress.login.Login_03_Browser_Factory_Pattern"/>
  <testcase name="Validate_05_PasswordLessThan6Chars" time="2.263" classname="com.wordpress.login.Login_03_Browser_Factory_Pattern"/>
  <testcase name="Validate_06_ValidPassword" time="4.652" classname="com.wordpress.login.Login_03_Browser_Factory_Pattern"/>
</testsuite> <!-- Run on Firefox -->
