<?xml version="1.0" encoding="UTF-8"?>
<!-- Generated by org.testng.reporters.JUnitXMLReporter -->
<testsuite hostname="Changkopuchi" name="Run on Chrome" tests="6" failures="0" timestamp="16 Aug 2020 11:06:41 GMT" time="27.915" errors="0">
  <testcase name="Validate_01_EmptyEmail" time="0.505" classname="com.wordpress.login.Login_03_Browser_Factory_Pattern"/>
  <testcase name="Validate_02_InvalidEmail" time="0.858" classname="com.wordpress.login.Login_03_Browser_Factory_Pattern"/>
  <testcase name="Validate_03_EmailNotExist" time="0.986" classname="com.wordpress.login.Login_03_Browser_Factory_Pattern"/>
  <testcase name="Validate_04_EmptyPassWord" time="1.641" classname="com.wordpress.login.Login_03_Browser_Factory_Pattern"/>
  <testcase name="Validate_05_PasswordLessThan6Chars" time="1.87" classname="com.wordpress.login.Login_03_Browser_Factory_Pattern"/>
  <testcase name="Validate_06_ValidPassword" time="4.633" classname="com.wordpress.login.Login_03_Browser_Factory_Pattern"/>
</testsuite> <!-- Run on Chrome -->
