<?xml version="1.0" encoding="UTF-8"?>
<!-- Generated by org.testng.reporters.JUnitXMLReporter -->
<testsuite hostname="Changkopuchi" name="Run on Firefox" tests="1" failures="0" timestamp="21 Oct 2020 04:32:39 GMT" time="0.895" errors="0">
  <testcase name="@BeforeClass beforeClass" time="0.0" classname="com.sortdata.demoSortData">
    <failure type="io.github.bonigarcia.wdm.config.WebDriverManagerException" message="java.net.UnknownHostException: api.github.com">
      <![CDATA[io.github.bonigarcia.wdm.config.WebDriverManagerException: java.net.UnknownHostException: api.github.com
	at io.github.bonigarcia.wdm.WebDriverManager.handleException(WebDriverManager.java:747)
	at io.github.bonigarcia.wdm.WebDriverManager.manage(WebDriverManager.java:541)
	at io.github.bonigarcia.wdm.WebDriverManager.handleException(WebDriverManager.java:744)
	at io.github.bonigarcia.wdm.WebDriverManager.manage(WebDriverManager.java:541)
	at io.github.bonigarcia.wdm.WebDriverManager.setup(WebDriverManager.java:277)
	at commons.AbstractTest.getBrowserDriver(AbstractTest.java:27)
	at com.sortdata.demoSortData.beforeClass(demoSortData.java:19)
Caused by: java.net.UnknownHostException: api.github.com
	at java.net.InetAddress.getAllByName0(Unknown Source)
	at java.net.InetAddress.getAllByName(Unknown Source)
	at java.net.InetAddress.getAllByName(Unknown Source)
	at org.apache.hc.client5.http.SystemDefaultDnsResolver.resolve(SystemDefaultDnsResolver.java:43)
	at org.apache.hc.client5.http.impl.io.DefaultHttpClientConnectionOperator.connect(DefaultHttpClientConnectionOperator.java:118)
	at org.apache.hc.client5.http.impl.io.PoolingHttpClientConnectionManager.connect(PoolingHttpClientConnectionManager.java:413)
	at org.apache.hc.client5.http.impl.classic.InternalExecRuntime.connectEndpoint(InternalExecRuntime.java:164)
	at org.apache.hc.client5.http.impl.classic.InternalExecRuntime.connectEndpoint(InternalExecRuntime.java:174)
	at org.apache.hc.client5.http.impl.classic.ConnectExec.execute(ConnectExec.java:135)
	at org.apache.hc.client5.http.impl.classic.ExecChainElement.execute(ExecChainElement.java:51)
	at org.apache.hc.client5.http.impl.classic.ExecChainElement$1.proceed(ExecChainElement.java:57)
	at org.apache.hc.client5.http.impl.classic.ProtocolExec.execute(ProtocolExec.java:169)
	at org.apache.hc.client5.http.impl.classic.ExecChainElement.execute(ExecChainElement.java:51)
	at org.apache.hc.client5.http.impl.classic.ExecChainElement$1.proceed(ExecChainElement.java:57)
	at org.apache.hc.client5.http.impl.classic.HttpRequestRetryExec.execute(HttpRequestRetryExec.java:93)
	at org.apache.hc.client5.http.impl.classic.ExecChainElement.execute(ExecChainElement.java:51)
	at org.apache.hc.client5.http.impl.classic.ExecChainElement$1.proceed(ExecChainElement.java:57)
	at org.apache.hc.client5.http.impl.classic.ContentCompressionExec.execute(ContentCompressionExec.java:128)
	at org.apache.hc.client5.http.impl.classic.ExecChainElement.execute(ExecChainElement.java:51)
	at org.apache.hc.client5.http.impl.classic.ExecChainElement$1.proceed(ExecChainElement.java:57)
	at org.apache.hc.client5.http.impl.classic.RedirectExec.execute(RedirectExec.java:116)
	at org.apache.hc.client5.http.impl.classic.ExecChainElement.execute(ExecChainElement.java:51)
	at org.apache.hc.client5.http.impl.classic.InternalHttpClient.doExecute(InternalHttpClient.java:178)
	at org.apache.hc.client5.http.impl.classic.CloseableHttpClient.execute(CloseableHttpClient.java:75)
	at org.apache.hc.client5.http.impl.classic.CloseableHttpClient.execute(CloseableHttpClient.java:89)
	at io.github.bonigarcia.wdm.online.HttpClient.execute(HttpClient.java:138)
	at io.github.bonigarcia.wdm.WebDriverManager.openGitHubConnection(WebDriverManager.java:908)
	at io.github.bonigarcia.wdm.WebDriverManager.getDriversFromGitHub(WebDriverManager.java:922)
	at io.github.bonigarcia.wdm.managers.FirefoxDriverManager.getDriverUrls(FirefoxDriverManager.java:90)
	at io.github.bonigarcia.wdm.WebDriverManager.createUrlHandler(WebDriverManager.java:753)
	at io.github.bonigarcia.wdm.WebDriverManager.download(WebDriverManager.java:602)
	at io.github.bonigarcia.wdm.WebDriverManager.manage(WebDriverManager.java:535)
	... 29 more
... Removed 24 stack frames]]>
    </failure>
  </testcase> <!-- @BeforeClass beforeClass -->
  <testcase name="@AfterClass afterClass" time="0.0" classname="com.sortdata.demoSortData">
    <skipped/>
  </testcase> <!-- @AfterClass afterClass -->
  <testcase name="Test_01_Sort_Ascending_String" time="0.002" classname="com.sortdata.demoSortData">
    <skipped/>
  </testcase> <!-- Test_01_Sort_Ascending_String -->
</testsuite> <!-- Run on Firefox -->
